WARNING - 2025-11-16 12:41:37 --> [DEPRECATED] Creation of dynamic property App\Controllers\Messagevisiteur::$model is deprecated in APPPATH/Controllers/Messagevisiteur.php on line 10.
 1 SYSTEMPATH/CodeIgniter.php(903): App\Controllers\Messagevisiteur->__construct()
 2 SYSTEMPATH/CodeIgniter.php(500): CodeIgniter\CodeIgniter->createController()
 3 SYSTEMPATH/CodeIgniter.php(355): CodeIgniter\CodeIgniter->handleRequest(null, Object(Config\Cache), false)
 4 SYSTEMPATH/Boot.php(325): CodeIgniter\CodeIgniter->run()
 5 SYSTEMPATH/Boot.php(67): CodeIgniter\Boot::runCodeIgniter(Object(CodeIgniter\CodeIgniter))
 6 FCPATH/index.php(56): CodeIgniter\Boot::bootWeb(Object(Config\Paths))
WARNING - 2025-11-16 12:42:33 --> [DEPRECATED] Creation of dynamic property App\Controllers\Messagevisiteur::$model is deprecated in APPPATH/Controllers/Messagevisiteur.php on line 10.
 1 SYSTEMPATH/CodeIgniter.php(903): App\Controllers\Messagevisiteur->__construct()
 2 SYSTEMPATH/CodeIgniter.php(500): CodeIgniter\CodeIgniter->createController()
 3 SYSTEMPATH/CodeIgniter.php(355): CodeIgniter\CodeIgniter->handleRequest(null, Object(Config\Cache), false)
 4 SYSTEMPATH/Boot.php(325): CodeIgniter\CodeIgniter->run()
 5 SYSTEMPATH/Boot.php(67): CodeIgniter\Boot::runCodeIgniter(Object(CodeIgniter\CodeIgniter))
 6 FCPATH/index.php(56): CodeIgniter\Boot::bootWeb(Object(Config\Paths))
WARNING - 2025-11-16 12:42:46 --> [DEPRECATED] Creation of dynamic property App\Controllers\Messagevisiteur::$model is deprecated in APPPATH/Controllers/Messagevisiteur.php on line 10.
 1 SYSTEMPATH/CodeIgniter.php(903): App\Controllers\Messagevisiteur->__construct()
 2 SYSTEMPATH/CodeIgniter.php(500): CodeIgniter\CodeIgniter->createController()
 3 SYSTEMPATH/CodeIgniter.php(355): CodeIgniter\CodeIgniter->handleRequest(null, Object(Config\Cache), false)
 4 SYSTEMPATH/Boot.php(325): CodeIgniter\CodeIgniter->run()
 5 SYSTEMPATH/Boot.php(67): CodeIgniter\Boot::runCodeIgniter(Object(CodeIgniter\CodeIgniter))
 6 FCPATH/index.php(56): CodeIgniter\Boot::bootWeb(Object(Config\Paths))
WARNING - 2025-11-16 12:42:49 --> [DEPRECATED] Creation of dynamic property App\Controllers\Messagevisiteur::$model is deprecated in APPPATH/Controllers/Messagevisiteur.php on line 10.
 1 SYSTEMPATH/CodeIgniter.php(903): App\Controllers\Messagevisiteur->__construct()
 2 SYSTEMPATH/CodeIgniter.php(500): CodeIgniter\CodeIgniter->createController()
 3 SYSTEMPATH/CodeIgniter.php(355): CodeIgniter\CodeIgniter->handleRequest(null, Object(Config\Cache), false)
 4 SYSTEMPATH/Boot.php(325): CodeIgniter\CodeIgniter->run()
 5 SYSTEMPATH/Boot.php(67): CodeIgniter\Boot::runCodeIgniter(Object(CodeIgniter\CodeIgniter))
 6 FCPATH/index.php(56): CodeIgniter\Boot::bootWeb(Object(Config\Paths))
WARNING - 2025-11-16 12:42:49 --> [DEPRECATED] nl2br(): Passing null to parameter #1 ($string) of type string is deprecated in APPPATH/Views/affichage_messagevisiteur.php on line 26.
 1 APPPATH/Views/affichage_messagevisiteur.php(26): nl2br(null)
 2 SYSTEMPATH/View/View.php(234): include('/home/2025DERA61/e22501948/public_html/V1/ci/app/Views/affichage_messagevisiteur.php')
 3 SYSTEMPATH/View/View.php(237): CodeIgniter\View\View->CodeIgniter\View\{closure}()
 4 SYSTEMPATH/Common.php(1171): CodeIgniter\View\View->render('affichage_messagevisiteur', [], true)
 5 APPPATH/Controllers/Messagevisiteur.php(61): view('affichage_messagevisiteur', [...])
 6 SYSTEMPATH/CodeIgniter.php(933): App\Controllers\Messagevisiteur->verifierCode()
 7 SYSTEMPATH/CodeIgniter.php(509): CodeIgniter\CodeIgniter->runController(Object(App\Controllers\Messagevisiteur))
 8 SYSTEMPATH/CodeIgniter.php(355): CodeIgniter\CodeIgniter->handleRequest(null, Object(Config\Cache), false)
 9 SYSTEMPATH/Boot.php(325): CodeIgniter\CodeIgniter->run()
10 SYSTEMPATH/Boot.php(67): CodeIgniter\Boot::runCodeIgniter(Object(CodeIgniter\CodeIgniter))
11 FCPATH/index.php(56): CodeIgniter\Boot::bootWeb(Object(Config\Paths))
