ERROR - 2025-11-12 15:38:47 --> mysqli_sql_exception: Column count doesn't match value count at row 1 in /home/2025DERA61/e22501948/public_html/V1/ci/system/Database/MySQLi/Connection.php:312
Stack trace:
#0 /home/2025DERA61/e22501948/public_html/V1/ci/system/Database/MySQLi/Connection.php(312): mysqli->query()
#1 /home/2025DERA61/e22501948/public_html/V1/ci/system/Database/BaseConnection.php(734): CodeIgniter\Database\MySQLi\Connection->execute()
#2 /home/2025DERA61/e22501948/public_html/V1/ci/system/Database/BaseConnection.php(648): CodeIgniter\Database\BaseConnection->simpleQuery()
#3 /home/2025DERA61/e22501948/public_html/V1/ci/app/Models/Db_model.php(67): CodeIgniter\Database\BaseConnection->query()
#4 /home/2025DERA61/e22501948/public_html/V1/ci/app/Controllers/Compte.php(42): App\Models\Db_model->set_compte()
#5 /home/2025DERA61/e22501948/public_html/V1/ci/system/CodeIgniter.php(933): App\Controllers\Compte->creer()
#6 /home/2025DERA61/e22501948/public_html/V1/ci/system/CodeIgniter.php(509): CodeIgniter\CodeIgniter->runController()
#7 /home/2025DERA61/e22501948/public_html/V1/ci/system/CodeIgniter.php(355): CodeIgniter\CodeIgniter->handleRequest()
#8 /home/2025DERA61/e22501948/public_html/V1/ci/system/Boot.php(325): CodeIgniter\CodeIgniter->run()
#9 /home/2025DERA61/e22501948/public_html/V1/ci/system/Boot.php(67): CodeIgniter\Boot::runCodeIgniter()
#10 /home/2025DERA61/e22501948/public_html/V1/ci/public/index.php(56): CodeIgniter\Boot::bootWeb()
#11 {main}
CRITICAL - 2025-11-12 15:38:47 --> CodeIgniter\Database\Exceptions\DatabaseException: Column count doesn't match value count at row 1
[Method: POST, Route: compte/creer]
in SYSTEMPATH/Database/BaseConnection.php on line 688.
 1 APPPATH/Models/Db_model.php(67): CodeIgniter\Database\BaseConnection->query()
 2 APPPATH/Controllers/Compte.php(42): App\Models\Db_model->set_compte()
 3 SYSTEMPATH/CodeIgniter.php(933): App\Controllers\Compte->creer()
 4 SYSTEMPATH/CodeIgniter.php(509): CodeIgniter\CodeIgniter->runController()
 5 SYSTEMPATH/CodeIgniter.php(355): CodeIgniter\CodeIgniter->handleRequest()
 6 SYSTEMPATH/Boot.php(325): CodeIgniter\CodeIgniter->run()
 7 SYSTEMPATH/Boot.php(67): CodeIgniter\Boot::runCodeIgniter()
 8 FCPATH/index.php(56): CodeIgniter\Boot::bootWeb()
CRITICAL - 2025-11-12 15:38:47 --> [Caused by] CodeIgniter\Database\Exceptions\DatabaseException: Column count doesn't match value count at row 1
in SYSTEMPATH/Database/MySQLi/Connection.php on line 317.
 1 SYSTEMPATH/Database/BaseConnection.php(734): CodeIgniter\Database\MySQLi\Connection->execute()
 2 SYSTEMPATH/Database/BaseConnection.php(648): CodeIgniter\Database\BaseConnection->simpleQuery()
 3 APPPATH/Models/Db_model.php(67): CodeIgniter\Database\BaseConnection->query()
 4 APPPATH/Controllers/Compte.php(42): App\Models\Db_model->set_compte()
 5 SYSTEMPATH/CodeIgniter.php(933): App\Controllers\Compte->creer()
 6 SYSTEMPATH/CodeIgniter.php(509): CodeIgniter\CodeIgniter->runController()
 7 SYSTEMPATH/CodeIgniter.php(355): CodeIgniter\CodeIgniter->handleRequest()
 8 SYSTEMPATH/Boot.php(325): CodeIgniter\CodeIgniter->run()
 9 SYSTEMPATH/Boot.php(67): CodeIgniter\Boot::runCodeIgniter()
10 FCPATH/index.php(56): CodeIgniter\Boot::bootWeb()
CRITICAL - 2025-11-12 15:38:47 --> [Caused by] mysqli_sql_exception: Column count doesn't match value count at row 1
in SYSTEMPATH/Database/MySQLi/Connection.php on line 312.
 1 SYSTEMPATH/Database/MySQLi/Connection.php(312): mysqli->query()
 2 SYSTEMPATH/Database/BaseConnection.php(734): CodeIgniter\Database\MySQLi\Connection->execute()
 3 SYSTEMPATH/Database/BaseConnection.php(648): CodeIgniter\Database\BaseConnection->simpleQuery()
 4 APPPATH/Models/Db_model.php(67): CodeIgniter\Database\BaseConnection->query()
 5 APPPATH/Controllers/Compte.php(42): App\Models\Db_model->set_compte()
 6 SYSTEMPATH/CodeIgniter.php(933): App\Controllers\Compte->creer()
 7 SYSTEMPATH/CodeIgniter.php(509): CodeIgniter\CodeIgniter->runController()
 8 SYSTEMPATH/CodeIgniter.php(355): CodeIgniter\CodeIgniter->handleRequest()
 9 SYSTEMPATH/Boot.php(325): CodeIgniter\CodeIgniter->run()
10 SYSTEMPATH/Boot.php(67): CodeIgniter\Boot::runCodeIgniter()
11 FCPATH/index.php(56): CodeIgniter\Boot::bootWeb()
CRITICAL - 2025-11-12 15:43:14 --> ParseError: syntax error, unexpected integer "1"
[Method: GET, Route: messageinvite/9F4L7AXYOEYZGCHNYG0D]
in APPPATH/Models/Db_model.php on line 66.
 1 SYSTEMPATH/Autoloader/Autoloader.php(296): CodeIgniter\Autoloader\Autoloader->includeFile()
 2 SYSTEMPATH/Autoloader/Autoloader.php(272): CodeIgniter\Autoloader\Autoloader->loadInNamespace()
 3 [internal function]: CodeIgniter\Autoloader\Autoloader->loadClass()
 4 SYSTEMPATH/Config/Factories.php(297): class_exists()
 5 SYSTEMPATH/Config/Factories.php(216): CodeIgniter\Config\Factories::locateClass()
 6 SYSTEMPATH/Config/Factories.php(159): CodeIgniter\Config\Factories::getDefinedInstance()
 7 SYSTEMPATH/Common.php(802): CodeIgniter\Config\Factories::__callStatic()
 8 APPPATH/Controllers/Messagevisiteur.php(13): model()
 9 SYSTEMPATH/CodeIgniter.php(933): App\Controllers\Messagevisiteur->getter_message_visiteur()
10 SYSTEMPATH/CodeIgniter.php(509): CodeIgniter\CodeIgniter->runController()
11 SYSTEMPATH/CodeIgniter.php(355): CodeIgniter\CodeIgniter->handleRequest()
12 SYSTEMPATH/Boot.php(325): CodeIgniter\CodeIgniter->run()
13 SYSTEMPATH/Boot.php(67): CodeIgniter\Boot::runCodeIgniter()
14 FCPATH/index.php(56): CodeIgniter\Boot::bootWeb()
CRITICAL - 2025-11-12 15:43:23 --> ParseError: syntax error, unexpected integer "1"
[Method: GET, Route: messageinvite/1]
in APPPATH/Models/Db_model.php on line 66.
 1 SYSTEMPATH/Autoloader/Autoloader.php(296): CodeIgniter\Autoloader\Autoloader->includeFile()
 2 SYSTEMPATH/Autoloader/Autoloader.php(272): CodeIgniter\Autoloader\Autoloader->loadInNamespace()
 3 [internal function]: CodeIgniter\Autoloader\Autoloader->loadClass()
 4 SYSTEMPATH/Config/Factories.php(297): class_exists()
 5 SYSTEMPATH/Config/Factories.php(216): CodeIgniter\Config\Factories::locateClass()
 6 SYSTEMPATH/Config/Factories.php(159): CodeIgniter\Config\Factories::getDefinedInstance()
 7 SYSTEMPATH/Common.php(802): CodeIgniter\Config\Factories::__callStatic()
 8 APPPATH/Controllers/Messagevisiteur.php(13): model()
 9 SYSTEMPATH/CodeIgniter.php(933): App\Controllers\Messagevisiteur->getter_message_visiteur()
10 SYSTEMPATH/CodeIgniter.php(509): CodeIgniter\CodeIgniter->runController()
11 SYSTEMPATH/CodeIgniter.php(355): CodeIgniter\CodeIgniter->handleRequest()
12 SYSTEMPATH/Boot.php(325): CodeIgniter\CodeIgniter->run()
13 SYSTEMPATH/Boot.php(67): CodeIgniter\Boot::runCodeIgniter()
14 FCPATH/index.php(56): CodeIgniter\Boot::bootWeb()
CRITICAL - 2025-11-12 15:43:29 --> ParseError: syntax error, unexpected integer "1"
[Method: GET, Route: messageinvite/dddd]
in APPPATH/Models/Db_model.php on line 66.
 1 SYSTEMPATH/Autoloader/Autoloader.php(296): CodeIgniter\Autoloader\Autoloader->includeFile()
 2 SYSTEMPATH/Autoloader/Autoloader.php(272): CodeIgniter\Autoloader\Autoloader->loadInNamespace()
 3 [internal function]: CodeIgniter\Autoloader\Autoloader->loadClass()
 4 SYSTEMPATH/Config/Factories.php(297): class_exists()
 5 SYSTEMPATH/Config/Factories.php(216): CodeIgniter\Config\Factories::locateClass()
 6 SYSTEMPATH/Config/Factories.php(159): CodeIgniter\Config\Factories::getDefinedInstance()
 7 SYSTEMPATH/Common.php(802): CodeIgniter\Config\Factories::__callStatic()
 8 APPPATH/Controllers/Messagevisiteur.php(13): model()
 9 SYSTEMPATH/CodeIgniter.php(933): App\Controllers\Messagevisiteur->getter_message_visiteur()
10 SYSTEMPATH/CodeIgniter.php(509): CodeIgniter\CodeIgniter->runController()
11 SYSTEMPATH/CodeIgniter.php(355): CodeIgniter\CodeIgniter->handleRequest()
12 SYSTEMPATH/Boot.php(325): CodeIgniter\CodeIgniter->run()
13 SYSTEMPATH/Boot.php(67): CodeIgniter\Boot::runCodeIgniter()
14 FCPATH/index.php(56): CodeIgniter\Boot::bootWeb()
ERROR - 2025-11-12 15:50:20 --> mysqli_sql_exception: You have an error in your SQL syntax; check the manual that corresponds to your MariaDB server version for the right syntax to use near '!, france123ABC!!), 256), 1)' at line 2 in /home/2025DERA61/e22501948/public_html/V1/ci/system/Database/MySQLi/Connection.php:312
Stack trace:
#0 /home/2025DERA61/e22501948/public_html/V1/ci/system/Database/MySQLi/Connection.php(312): mysqli->query()
#1 /home/2025DERA61/e22501948/public_html/V1/ci/system/Database/BaseConnection.php(734): CodeIgniter\Database\MySQLi\Connection->execute()
#2 /home/2025DERA61/e22501948/public_html/V1/ci/system/Database/BaseConnection.php(648): CodeIgniter\Database\BaseConnection->simpleQuery()
#3 /home/2025DERA61/e22501948/public_html/V1/ci/app/Models/Db_model.php(69): CodeIgniter\Database\BaseConnection->query()
#4 /home/2025DERA61/e22501948/public_html/V1/ci/app/Controllers/Compte.php(42): App\Models\Db_model->set_compte()
#5 /home/2025DERA61/e22501948/public_html/V1/ci/system/CodeIgniter.php(933): App\Controllers\Compte->creer()
#6 /home/2025DERA61/e22501948/public_html/V1/ci/system/CodeIgniter.php(509): CodeIgniter\CodeIgniter->runController()
#7 /home/2025DERA61/e22501948/public_html/V1/ci/system/CodeIgniter.php(355): CodeIgniter\CodeIgniter->handleRequest()
#8 /home/2025DERA61/e22501948/public_html/V1/ci/system/Boot.php(325): CodeIgniter\CodeIgniter->run()
#9 /home/2025DERA61/e22501948/public_html/V1/ci/system/Boot.php(67): CodeIgniter\Boot::runCodeIgniter()
#10 /home/2025DERA61/e22501948/public_html/V1/ci/public/index.php(56): CodeIgniter\Boot::bootWeb()
#11 {main}
CRITICAL - 2025-11-12 15:50:20 --> CodeIgniter\Database\Exceptions\DatabaseException: You have an error in your SQL syntax; check the manual that corresponds to your MariaDB server version for the right syntax to use near '!, france123ABC!!), 256), 1)' at line 2
[Method: POST, Route: compte/creer]
in SYSTEMPATH/Database/BaseConnection.php on line 688.
 1 APPPATH/Models/Db_model.php(69): CodeIgniter\Database\BaseConnection->query()
 2 APPPATH/Controllers/Compte.php(42): App\Models\Db_model->set_compte()
 3 SYSTEMPATH/CodeIgniter.php(933): App\Controllers\Compte->creer()
 4 SYSTEMPATH/CodeIgniter.php(509): CodeIgniter\CodeIgniter->runController()
 5 SYSTEMPATH/CodeIgniter.php(355): CodeIgniter\CodeIgniter->handleRequest()
 6 SYSTEMPATH/Boot.php(325): CodeIgniter\CodeIgniter->run()
 7 SYSTEMPATH/Boot.php(67): CodeIgniter\Boot::runCodeIgniter()
 8 FCPATH/index.php(56): CodeIgniter\Boot::bootWeb()
CRITICAL - 2025-11-12 15:50:20 --> [Caused by] CodeIgniter\Database\Exceptions\DatabaseException: You have an error in your SQL syntax; check the manual that corresponds to your MariaDB server version for the right syntax to use near '!, france123ABC!!), 256), 1)' at line 2
in SYSTEMPATH/Database/MySQLi/Connection.php on line 317.
 1 SYSTEMPATH/Database/BaseConnection.php(734): CodeIgniter\Database\MySQLi\Connection->execute()
 2 SYSTEMPATH/Database/BaseConnection.php(648): CodeIgniter\Database\BaseConnection->simpleQuery()
 3 APPPATH/Models/Db_model.php(69): CodeIgniter\Database\BaseConnection->query()
 4 APPPATH/Controllers/Compte.php(42): App\Models\Db_model->set_compte()
 5 SYSTEMPATH/CodeIgniter.php(933): App\Controllers\Compte->creer()
 6 SYSTEMPATH/CodeIgniter.php(509): CodeIgniter\CodeIgniter->runController()
 7 SYSTEMPATH/CodeIgniter.php(355): CodeIgniter\CodeIgniter->handleRequest()
 8 SYSTEMPATH/Boot.php(325): CodeIgniter\CodeIgniter->run()
 9 SYSTEMPATH/Boot.php(67): CodeIgniter\Boot::runCodeIgniter()
10 FCPATH/index.php(56): CodeIgniter\Boot::bootWeb()
CRITICAL - 2025-11-12 15:50:20 --> [Caused by] mysqli_sql_exception: You have an error in your SQL syntax; check the manual that corresponds to your MariaDB server version for the right syntax to use near '!, france123ABC!!), 256), 1)' at line 2
in SYSTEMPATH/Database/MySQLi/Connection.php on line 312.
 1 SYSTEMPATH/Database/MySQLi/Connection.php(312): mysqli->query()
 2 SYSTEMPATH/Database/BaseConnection.php(734): CodeIgniter\Database\MySQLi\Connection->execute()
 3 SYSTEMPATH/Database/BaseConnection.php(648): CodeIgniter\Database\BaseConnection->simpleQuery()
 4 APPPATH/Models/Db_model.php(69): CodeIgniter\Database\BaseConnection->query()
 5 APPPATH/Controllers/Compte.php(42): App\Models\Db_model->set_compte()
 6 SYSTEMPATH/CodeIgniter.php(933): App\Controllers\Compte->creer()
 7 SYSTEMPATH/CodeIgniter.php(509): CodeIgniter\CodeIgniter->runController()
 8 SYSTEMPATH/CodeIgniter.php(355): CodeIgniter\CodeIgniter->handleRequest()
 9 SYSTEMPATH/Boot.php(325): CodeIgniter\CodeIgniter->run()
10 SYSTEMPATH/Boot.php(67): CodeIgniter\Boot::runCodeIgniter()
11 FCPATH/index.php(56): CodeIgniter\Boot::bootWeb()
ERROR - 2025-11-12 15:51:38 --> mysqli_sql_exception: You have an error in your SQL syntax; check the manual that corresponds to your MariaDB server version for the right syntax to use near '!, france123ABC), 256), 1)' at line 2 in /home/2025DERA61/e22501948/public_html/V1/ci/system/Database/MySQLi/Connection.php:312
Stack trace:
#0 /home/2025DERA61/e22501948/public_html/V1/ci/system/Database/MySQLi/Connection.php(312): mysqli->query()
#1 /home/2025DERA61/e22501948/public_html/V1/ci/system/Database/BaseConnection.php(734): CodeIgniter\Database\MySQLi\Connection->execute()
#2 /home/2025DERA61/e22501948/public_html/V1/ci/system/Database/BaseConnection.php(648): CodeIgniter\Database\BaseConnection->simpleQuery()
#3 /home/2025DERA61/e22501948/public_html/V1/ci/app/Models/Db_model.php(69): CodeIgniter\Database\BaseConnection->query()
#4 /home/2025DERA61/e22501948/public_html/V1/ci/app/Controllers/Compte.php(42): App\Models\Db_model->set_compte()
#5 /home/2025DERA61/e22501948/public_html/V1/ci/system/CodeIgniter.php(933): App\Controllers\Compte->creer()
#6 /home/2025DERA61/e22501948/public_html/V1/ci/system/CodeIgniter.php(509): CodeIgniter\CodeIgniter->runController()
#7 /home/2025DERA61/e22501948/public_html/V1/ci/system/CodeIgniter.php(355): CodeIgniter\CodeIgniter->handleRequest()
#8 /home/2025DERA61/e22501948/public_html/V1/ci/system/Boot.php(325): CodeIgniter\CodeIgniter->run()
#9 /home/2025DERA61/e22501948/public_html/V1/ci/system/Boot.php(67): CodeIgniter\Boot::runCodeIgniter()
#10 /home/2025DERA61/e22501948/public_html/V1/ci/public/index.php(56): CodeIgniter\Boot::bootWeb()
#11 {main}
CRITICAL - 2025-11-12 15:51:38 --> CodeIgniter\Database\Exceptions\DatabaseException: You have an error in your SQL syntax; check the manual that corresponds to your MariaDB server version for the right syntax to use near '!, france123ABC), 256), 1)' at line 2
[Method: POST, Route: compte/creer]
in SYSTEMPATH/Database/BaseConnection.php on line 688.
 1 APPPATH/Models/Db_model.php(69): CodeIgniter\Database\BaseConnection->query()
 2 APPPATH/Controllers/Compte.php(42): App\Models\Db_model->set_compte()
 3 SYSTEMPATH/CodeIgniter.php(933): App\Controllers\Compte->creer()
 4 SYSTEMPATH/CodeIgniter.php(509): CodeIgniter\CodeIgniter->runController()
 5 SYSTEMPATH/CodeIgniter.php(355): CodeIgniter\CodeIgniter->handleRequest()
 6 SYSTEMPATH/Boot.php(325): CodeIgniter\CodeIgniter->run()
 7 SYSTEMPATH/Boot.php(67): CodeIgniter\Boot::runCodeIgniter()
 8 FCPATH/index.php(56): CodeIgniter\Boot::bootWeb()
CRITICAL - 2025-11-12 15:51:38 --> [Caused by] CodeIgniter\Database\Exceptions\DatabaseException: You have an error in your SQL syntax; check the manual that corresponds to your MariaDB server version for the right syntax to use near '!, france123ABC), 256), 1)' at line 2
in SYSTEMPATH/Database/MySQLi/Connection.php on line 317.
 1 SYSTEMPATH/Database/BaseConnection.php(734): CodeIgniter\Database\MySQLi\Connection->execute()
 2 SYSTEMPATH/Database/BaseConnection.php(648): CodeIgniter\Database\BaseConnection->simpleQuery()
 3 APPPATH/Models/Db_model.php(69): CodeIgniter\Database\BaseConnection->query()
 4 APPPATH/Controllers/Compte.php(42): App\Models\Db_model->set_compte()
 5 SYSTEMPATH/CodeIgniter.php(933): App\Controllers\Compte->creer()
 6 SYSTEMPATH/CodeIgniter.php(509): CodeIgniter\CodeIgniter->runController()
 7 SYSTEMPATH/CodeIgniter.php(355): CodeIgniter\CodeIgniter->handleRequest()
 8 SYSTEMPATH/Boot.php(325): CodeIgniter\CodeIgniter->run()
 9 SYSTEMPATH/Boot.php(67): CodeIgniter\Boot::runCodeIgniter()
10 FCPATH/index.php(56): CodeIgniter\Boot::bootWeb()
CRITICAL - 2025-11-12 15:51:38 --> [Caused by] mysqli_sql_exception: You have an error in your SQL syntax; check the manual that corresponds to your MariaDB server version for the right syntax to use near '!, france123ABC), 256), 1)' at line 2
in SYSTEMPATH/Database/MySQLi/Connection.php on line 312.
 1 SYSTEMPATH/Database/MySQLi/Connection.php(312): mysqli->query()
 2 SYSTEMPATH/Database/BaseConnection.php(734): CodeIgniter\Database\MySQLi\Connection->execute()
 3 SYSTEMPATH/Database/BaseConnection.php(648): CodeIgniter\Database\BaseConnection->simpleQuery()
 4 APPPATH/Models/Db_model.php(69): CodeIgniter\Database\BaseConnection->query()
 5 APPPATH/Controllers/Compte.php(42): App\Models\Db_model->set_compte()
 6 SYSTEMPATH/CodeIgniter.php(933): App\Controllers\Compte->creer()
 7 SYSTEMPATH/CodeIgniter.php(509): CodeIgniter\CodeIgniter->runController()
 8 SYSTEMPATH/CodeIgniter.php(355): CodeIgniter\CodeIgniter->handleRequest()
 9 SYSTEMPATH/Boot.php(325): CodeIgniter\CodeIgniter->run()
10 SYSTEMPATH/Boot.php(67): CodeIgniter\Boot::runCodeIgniter()
11 FCPATH/index.php(56): CodeIgniter\Boot::bootWeb()
ERROR - 2025-11-12 15:53:19 --> mysqli_sql_exception: Unknown column 'france123' in 'VALUES' in /home/2025DERA61/e22501948/public_html/V1/ci/system/Database/MySQLi/Connection.php:312
Stack trace:
#0 /home/2025DERA61/e22501948/public_html/V1/ci/system/Database/MySQLi/Connection.php(312): mysqli->query()
#1 /home/2025DERA61/e22501948/public_html/V1/ci/system/Database/BaseConnection.php(734): CodeIgniter\Database\MySQLi\Connection->execute()
#2 /home/2025DERA61/e22501948/public_html/V1/ci/system/Database/BaseConnection.php(648): CodeIgniter\Database\BaseConnection->simpleQuery()
#3 /home/2025DERA61/e22501948/public_html/V1/ci/app/Models/Db_model.php(69): CodeIgniter\Database\BaseConnection->query()
#4 /home/2025DERA61/e22501948/public_html/V1/ci/app/Controllers/Compte.php(42): App\Models\Db_model->set_compte()
#5 /home/2025DERA61/e22501948/public_html/V1/ci/system/CodeIgniter.php(933): App\Controllers\Compte->creer()
#6 /home/2025DERA61/e22501948/public_html/V1/ci/system/CodeIgniter.php(509): CodeIgniter\CodeIgniter->runController()
#7 /home/2025DERA61/e22501948/public_html/V1/ci/system/CodeIgniter.php(355): CodeIgniter\CodeIgniter->handleRequest()
#8 /home/2025DERA61/e22501948/public_html/V1/ci/system/Boot.php(325): CodeIgniter\CodeIgniter->run()
#9 /home/2025DERA61/e22501948/public_html/V1/ci/system/Boot.php(67): CodeIgniter\Boot::runCodeIgniter()
#10 /home/2025DERA61/e22501948/public_html/V1/ci/public/index.php(56): CodeIgniter\Boot::bootWeb()
#11 {main}
CRITICAL - 2025-11-12 15:53:19 --> CodeIgniter\Database\Exceptions\DatabaseException: Unknown column 'france123' in 'VALUES'
[Method: POST, Route: compte/creer]
in SYSTEMPATH/Database/BaseConnection.php on line 688.
 1 APPPATH/Models/Db_model.php(69): CodeIgniter\Database\BaseConnection->query()
 2 APPPATH/Controllers/Compte.php(42): App\Models\Db_model->set_compte()
 3 SYSTEMPATH/CodeIgniter.php(933): App\Controllers\Compte->creer()
 4 SYSTEMPATH/CodeIgniter.php(509): CodeIgniter\CodeIgniter->runController()
 5 SYSTEMPATH/CodeIgniter.php(355): CodeIgniter\CodeIgniter->handleRequest()
 6 SYSTEMPATH/Boot.php(325): CodeIgniter\CodeIgniter->run()
 7 SYSTEMPATH/Boot.php(67): CodeIgniter\Boot::runCodeIgniter()
 8 FCPATH/index.php(56): CodeIgniter\Boot::bootWeb()
CRITICAL - 2025-11-12 15:53:19 --> [Caused by] CodeIgniter\Database\Exceptions\DatabaseException: Unknown column 'france123' in 'VALUES'
in SYSTEMPATH/Database/MySQLi/Connection.php on line 317.
 1 SYSTEMPATH/Database/BaseConnection.php(734): CodeIgniter\Database\MySQLi\Connection->execute()
 2 SYSTEMPATH/Database/BaseConnection.php(648): CodeIgniter\Database\BaseConnection->simpleQuery()
 3 APPPATH/Models/Db_model.php(69): CodeIgniter\Database\BaseConnection->query()
 4 APPPATH/Controllers/Compte.php(42): App\Models\Db_model->set_compte()
 5 SYSTEMPATH/CodeIgniter.php(933): App\Controllers\Compte->creer()
 6 SYSTEMPATH/CodeIgniter.php(509): CodeIgniter\CodeIgniter->runController()
 7 SYSTEMPATH/CodeIgniter.php(355): CodeIgniter\CodeIgniter->handleRequest()
 8 SYSTEMPATH/Boot.php(325): CodeIgniter\CodeIgniter->run()
 9 SYSTEMPATH/Boot.php(67): CodeIgniter\Boot::runCodeIgniter()
10 FCPATH/index.php(56): CodeIgniter\Boot::bootWeb()
CRITICAL - 2025-11-12 15:53:19 --> [Caused by] mysqli_sql_exception: Unknown column 'france123' in 'VALUES'
in SYSTEMPATH/Database/MySQLi/Connection.php on line 312.
 1 SYSTEMPATH/Database/MySQLi/Connection.php(312): mysqli->query()
 2 SYSTEMPATH/Database/BaseConnection.php(734): CodeIgniter\Database\MySQLi\Connection->execute()
 3 SYSTEMPATH/Database/BaseConnection.php(648): CodeIgniter\Database\BaseConnection->simpleQuery()
 4 APPPATH/Models/Db_model.php(69): CodeIgniter\Database\BaseConnection->query()
 5 APPPATH/Controllers/Compte.php(42): App\Models\Db_model->set_compte()
 6 SYSTEMPATH/CodeIgniter.php(933): App\Controllers\Compte->creer()
 7 SYSTEMPATH/CodeIgniter.php(509): CodeIgniter\CodeIgniter->runController()
 8 SYSTEMPATH/CodeIgniter.php(355): CodeIgniter\CodeIgniter->handleRequest()
 9 SYSTEMPATH/Boot.php(325): CodeIgniter\CodeIgniter->run()
10 SYSTEMPATH/Boot.php(67): CodeIgniter\Boot::runCodeIgniter()
11 FCPATH/index.php(56): CodeIgniter\Boot::bootWeb()
CRITICAL - 2025-11-12 15:55:17 --> ErrorException: Undefined property: stdClass::$nb
[Method: POST, Route: compte/creer]
in APPPATH/Views/compte/compte_succes.php on line 5.
 1 APPPATH/Views/compte/compte_succes.php(5): CodeIgniter\Debug\Exceptions->errorHandler()
 2 SYSTEMPATH/View/View.php(234): include('/home/2025DERA61/e22501948/public_html/V1/ci/app/Views/compte/compte_succes.php')
 3 SYSTEMPATH/View/View.php(237): CodeIgniter\View\View->CodeIgniter\View\{closure}()
 4 SYSTEMPATH/Common.php(1171): CodeIgniter\View\View->render()
 5 APPPATH/Controllers/Compte.php(48): view()
 6 SYSTEMPATH/CodeIgniter.php(933): App\Controllers\Compte->creer()
 7 SYSTEMPATH/CodeIgniter.php(509): CodeIgniter\CodeIgniter->runController()
 8 SYSTEMPATH/CodeIgniter.php(355): CodeIgniter\CodeIgniter->handleRequest()
 9 SYSTEMPATH/Boot.php(325): CodeIgniter\CodeIgniter->run()
10 SYSTEMPATH/Boot.php(67): CodeIgniter\Boot::runCodeIgniter()
11 FCPATH/index.php(56): CodeIgniter\Boot::bootWeb()
ERROR - 2025-11-12 16:01:54 --> mysqli_sql_exception: Duplicate entry 'france123' for key 'com_pseudo_UNIQUE' in /home/2025DERA61/e22501948/public_html/V1/ci/system/Database/MySQLi/Connection.php:312
Stack trace:
#0 /home/2025DERA61/e22501948/public_html/V1/ci/system/Database/MySQLi/Connection.php(312): mysqli->query()
#1 /home/2025DERA61/e22501948/public_html/V1/ci/system/Database/BaseConnection.php(734): CodeIgniter\Database\MySQLi\Connection->execute()
#2 /home/2025DERA61/e22501948/public_html/V1/ci/system/Database/BaseConnection.php(648): CodeIgniter\Database\BaseConnection->simpleQuery()
#3 /home/2025DERA61/e22501948/public_html/V1/ci/app/Models/Db_model.php(69): CodeIgniter\Database\BaseConnection->query()
#4 /home/2025DERA61/e22501948/public_html/V1/ci/app/Controllers/Compte.php(42): App\Models\Db_model->set_compte()
#5 /home/2025DERA61/e22501948/public_html/V1/ci/system/CodeIgniter.php(933): App\Controllers\Compte->creer()
#6 /home/2025DERA61/e22501948/public_html/V1/ci/system/CodeIgniter.php(509): CodeIgniter\CodeIgniter->runController()
#7 /home/2025DERA61/e22501948/public_html/V1/ci/system/CodeIgniter.php(355): CodeIgniter\CodeIgniter->handleRequest()
#8 /home/2025DERA61/e22501948/public_html/V1/ci/system/Boot.php(325): CodeIgniter\CodeIgniter->run()
#9 /home/2025DERA61/e22501948/public_html/V1/ci/system/Boot.php(67): CodeIgniter\Boot::runCodeIgniter()
#10 /home/2025DERA61/e22501948/public_html/V1/ci/public/index.php(56): CodeIgniter\Boot::bootWeb()
#11 {main}
CRITICAL - 2025-11-12 16:01:54 --> CodeIgniter\Database\Exceptions\DatabaseException: Duplicate entry 'france123' for key 'com_pseudo_UNIQUE'
[Method: POST, Route: compte/creer]
in SYSTEMPATH/Database/BaseConnection.php on line 688.
 1 APPPATH/Models/Db_model.php(69): CodeIgniter\Database\BaseConnection->query()
 2 APPPATH/Controllers/Compte.php(42): App\Models\Db_model->set_compte()
 3 SYSTEMPATH/CodeIgniter.php(933): App\Controllers\Compte->creer()
 4 SYSTEMPATH/CodeIgniter.php(509): CodeIgniter\CodeIgniter->runController()
 5 SYSTEMPATH/CodeIgniter.php(355): CodeIgniter\CodeIgniter->handleRequest()
 6 SYSTEMPATH/Boot.php(325): CodeIgniter\CodeIgniter->run()
 7 SYSTEMPATH/Boot.php(67): CodeIgniter\Boot::runCodeIgniter()
 8 FCPATH/index.php(56): CodeIgniter\Boot::bootWeb()
CRITICAL - 2025-11-12 16:01:54 --> [Caused by] CodeIgniter\Database\Exceptions\DatabaseException: Duplicate entry 'france123' for key 'com_pseudo_UNIQUE'
in SYSTEMPATH/Database/MySQLi/Connection.php on line 317.
 1 SYSTEMPATH/Database/BaseConnection.php(734): CodeIgniter\Database\MySQLi\Connection->execute()
 2 SYSTEMPATH/Database/BaseConnection.php(648): CodeIgniter\Database\BaseConnection->simpleQuery()
 3 APPPATH/Models/Db_model.php(69): CodeIgniter\Database\BaseConnection->query()
 4 APPPATH/Controllers/Compte.php(42): App\Models\Db_model->set_compte()
 5 SYSTEMPATH/CodeIgniter.php(933): App\Controllers\Compte->creer()
 6 SYSTEMPATH/CodeIgniter.php(509): CodeIgniter\CodeIgniter->runController()
 7 SYSTEMPATH/CodeIgniter.php(355): CodeIgniter\CodeIgniter->handleRequest()
 8 SYSTEMPATH/Boot.php(325): CodeIgniter\CodeIgniter->run()
 9 SYSTEMPATH/Boot.php(67): CodeIgniter\Boot::runCodeIgniter()
10 FCPATH/index.php(56): CodeIgniter\Boot::bootWeb()
CRITICAL - 2025-11-12 16:01:54 --> [Caused by] mysqli_sql_exception: Duplicate entry 'france123' for key 'com_pseudo_UNIQUE'
in SYSTEMPATH/Database/MySQLi/Connection.php on line 312.
 1 SYSTEMPATH/Database/MySQLi/Connection.php(312): mysqli->query()
 2 SYSTEMPATH/Database/BaseConnection.php(734): CodeIgniter\Database\MySQLi\Connection->execute()
 3 SYSTEMPATH/Database/BaseConnection.php(648): CodeIgniter\Database\BaseConnection->simpleQuery()
 4 APPPATH/Models/Db_model.php(69): CodeIgniter\Database\BaseConnection->query()
 5 APPPATH/Controllers/Compte.php(42): App\Models\Db_model->set_compte()
 6 SYSTEMPATH/CodeIgniter.php(933): App\Controllers\Compte->creer()
 7 SYSTEMPATH/CodeIgniter.php(509): CodeIgniter\CodeIgniter->runController()
 8 SYSTEMPATH/CodeIgniter.php(355): CodeIgniter\CodeIgniter->handleRequest()
 9 SYSTEMPATH/Boot.php(325): CodeIgniter\CodeIgniter->run()
10 SYSTEMPATH/Boot.php(67): CodeIgniter\Boot::runCodeIgniter()
11 FCPATH/index.php(56): CodeIgniter\Boot::bootWeb()
INFO - 2025-11-12 16:10:46 --> Session: Class initialized using 'CodeIgniter\Session\Handlers\FileHandler' driver.
INFO - 2025-11-12 16:11:41 --> Session: Class initialized using 'CodeIgniter\Session\Handlers\FileHandler' driver.
INFO - 2025-11-12 16:12:07 --> Session: Class initialized using 'CodeIgniter\Session\Handlers\FileHandler' driver.
INFO - 2025-11-12 16:12:42 --> Session: Class initialized using 'CodeIgniter\Session\Handlers\FileHandler' driver.
INFO - 2025-11-12 16:13:23 --> Session: Class initialized using 'CodeIgniter\Session\Handlers\FileHandler' driver.
INFO - 2025-11-12 16:13:33 --> Session: Class initialized using 'CodeIgniter\Session\Handlers\FileHandler' driver.
